<?xml version="1.0" encoding="UTF-8"?>
<testng-results ignored="0" total="1" passed="1" failed="0" skipped="0">
  <reporter-output>
  </reporter-output>
  <suite started-at="2025-03-06T08:36:06 IST" name="Default suite" finished-at="2025-03-06T08:36:19 IST" duration-ms="13007">
    <groups>
    </groups>
    <test started-at="2025-03-06T08:36:06 IST" name="Default test" finished-at="2025-03-06T08:36:19 IST" duration-ms="13007">
      <class name="basictest.launchbrowser">
        <test-method is-config="true" signature="beforemethod()[pri:0, instance:basictest.launchbrowser@74e52ef6]" started-at="2025-03-06T08:36:06 IST" name="beforemethod" finished-at="2025-03-06T08:36:19 IST" duration-ms="12591" status="PASS">
          <reporter-output>
          </reporter-output>
        </test-method> <!-- beforemethod -->
        <test-method signature="verifyhead()[pri:0, instance:basictest.launchbrowser@74e52ef6]" started-at="2025-03-06T08:36:19 IST" name="verifyhead" finished-at="2025-03-06T08:36:19 IST" duration-ms="300" status="PASS">
          <reporter-output>
          </reporter-output>
        </test-method> <!-- verifyhead -->
      </class> <!-- basictest.launchbrowser -->
    </test> <!-- Default test -->
  </suite> <!-- Default suite -->
</testng-results>
